<?xml version="1.0" encoding="UTF-8"?>
<testsuite xmlns:xsi="http://www.w3.org/2001/XMLSchema-instance" xsi:noNamespaceSchemaLocation="https://maven.apache.org/surefire/maven-surefire-plugin/xsd/surefire-test-report.xsd" name="com.xiao.soccerproject.jdbc.TestAll" time="0.206" tests="5" errors="0" skipped="0" failures="0">
  <properties>
[...]
</properties>
  <testcase name="getPlayerTest" classname="com.xiao.soccerproject.jdbc.PlayerDAOTest" time="0.131"/>
  <testcase name="getMatchesTest" classname="com.xiao.soccerproject.jdbc.MatchesDAOTest" time="0.009"/>
  <testcase name="updateTeamTest" classname="com.xiao.soccerproject.jdbc.TeamDAOTest" time="0.015"/>
  <testcase name="getTeamTest" classname="com.xiao.soccerproject.jdbc.TeamDAOTest" time="0.011"/>
  <testcase name="getTeamInfoTest" classname="com.xiao.soccerproject.jdbc.TeamDAOTest" time="0.008"/>
</testsuite>